# JRE version: OpenJDK Runtime Environment Temurin-21.0.7+6 (21.0.7+6) (build 21.0.7+6-LTS)
# Java VM: OpenJDK 64-Bit Server VM Temurin-21.0.7+6 (21.0.7+6-LTS, mixed mode, sharing, tiered, compressed oops, compressed class ptrs, parallel gc, windows-amd64)
GC Precious Log:
 CardTable entry size: 512
 CPUs: 12 total, 12 available
 Memory: 7439M
 Large Page Support: Disabled
 NUMA Support: Disabled
 Compressed Oops: Enabled (32-bit)
 Alignments: Space 512K, Generation 512K, Heap 2M
 Heap Min Capacity: 100M
 Heap Initial Capacity: 100M
 Heap Max Capacity: 2G
 Pre-touch: Disabled
 Parallel Workers: 10
Heap:
 PSYoungGen      total 4608K, used 1009K [0x00000000d5580000, 0x00000000d5d00000, 0x0000000100000000)
  eden space 4096K, 12% used [0x00000000d5580000,0x00000000d5604510,0x00000000d5980000)
  from space 512K, 93% used [0x00000000d5980000,0x00000000d59f8000,0x00000000d5a00000)
  to   space 1536K, 0% used [0x00000000d5b80000,0x00000000d5b80000,0x00000000d5d00000)
 ParOldGen       total 520192K, used 519739K [0x0000000080000000, 0x000000009fc00000, 0x00000000d5580000)
  object space 520192K, 99% used [0x0000000080000000,0x000000009fb8ee30,0x000000009fc00000)
 Metaspace       used 66793K, committed 68032K, reserved 1114112K
  class space    used 6974K, committed 7552K, reserved 1048576K
GC Heap History (20 events):
Event: 21.814 GC heap before
{Heap before GC invocations=369 (full 3):
 PSYoungGen      total 5120K, used 4992K [0x00000000d5580000, 0x00000000d5c80000, 0x0000000100000000)
  eden space 3072K, 100% used [0x00000000d5580000,0x00000000d5880000,0x00000000d5880000)
  from space 2048K, 93% used [0x00000000d5a00000,0x00000000d5be0000,0x00000000d5c00000)
  to   space 512K, 0% used [0x00000000d5c00000,0x00000000d5c00000,0x00000000d5c80000)
 ParOldGen       total 500224K, used 500051K [0x0000000080000000, 0x000000009e880000, 0x00000000d5580000)
  object space 500224K, 99% used [0x0000000080000000,0x000000009e854e30,0x000000009e880000)
 Metaspace       used 66342K, committed 67712K, reserved 1114112K
  class space    used 6938K, committed 7552K, reserved 1048576K
}
Event: 21.816 GC heap after
{Heap after GC invocations=369 (full 3):
 PSYoungGen      total 2560K, used 512K [0x00000000d5580000, 0x00000000d6280000, 0x0000000100000000)
  eden space 2048K, 0% used [0x00000000d5580000,0x00000000d5580000,0x00000000d5780000)
  from space 512K, 100% used [0x00000000d5c00000,0x00000000d5c80000,0x00000000d5c80000)
  to   space 4608K, 0% used [0x00000000d5780000,0x00000000d5780000,0x00000000d5c00000)
 ParOldGen       total 503808K, used 503499K [0x0000000080000000, 0x000000009ec00000, 0x00000000d5580000)
  object space 503808K, 99% used [0x0000000080000000,0x000000009ebb2e30,0x000000009ec00000)
 Metaspace       used 66342K, committed 67712K, reserved 1114112K
  class space    used 6938K, committed 7552K, reserved 1048576K
}
Event: 21.818 GC heap before
{Heap before GC invocations=370 (full 3):
 PSYoungGen      total 2560K, used 2560K [0x00000000d5580000, 0x00000000d6280000, 0x0000000100000000)
  eden space 2048K, 100% used [0x00000000d5580000,0x00000000d5780000,0x00000000d5780000)
  from space 512K, 100% used [0x00000000d5c00000,0x00000000d5c80000,0x00000000d5c80000)
  to   space 4608K, 0% used [0x00000000d5780000,0x00000000d5780000,0x00000000d5c00000)
 ParOldGen       total 503808K, used 503499K [0x0000000080000000, 0x000000009ec00000, 0x00000000d5580000)
  object space 503808K, 99% used [0x0000000080000000,0x000000009ebb2e30,0x000000009ec00000)
 Metaspace       used 66342K, committed 67712K, reserved 1114112K
  class space    used 6938K, committed 7552K, reserved 1048576K
}
Event: 21.819 GC heap after
{Heap after GC invocations=370 (full 3):
 PSYoungGen      total 4096K, used 1696K [0x00000000d5580000, 0x00000000d5d00000, 0x0000000100000000)
  eden space 2048K, 0% used [0x00000000d5580000,0x00000000d5580000,0x00000000d5780000)
  from space 2048K, 82% used [0x00000000d5780000,0x00000000d5928000,0x00000000d5980000)
  to   space 2560K, 0% used [0x00000000d5a80000,0x00000000d5a80000,0x00000000d5d00000)
 ParOldGen       total 504320K, used 504059K [0x0000000080000000, 0x000000009ec80000, 0x00000000d5580000)
  object space 504320K, 99% used [0x0000000080000000,0x000000009ec3ee30,0x000000009ec80000)
 Metaspace       used 66342K, committed 67712K, reserved 1114112K
  class space    used 6938K, committed 7552K, reserved 1048576K
}
Event: 21.823 GC heap before
{Heap before GC invocations=371 (full 3):
 PSYoungGen      total 4096K, used 3744K [0x00000000d5580000, 0x00000000d5d00000, 0x0000000100000000)
  eden space 2048K, 100% used [0x00000000d5580000,0x00000000d5780000,0x00000000d5780000)
  from space 2048K, 82% used [0x00000000d5780000,0x00000000d5928000,0x00000000d5980000)
  to   space 2560K, 0% used [0x00000000d5a80000,0x00000000d5a80000,0x00000000d5d00000)
 ParOldGen       total 504320K, used 504059K [0x0000000080000000, 0x000000009ec80000, 0x00000000d5580000)
  object space 504320K, 99% used [0x0000000080000000,0x000000009ec3ee30,0x000000009ec80000)
 Metaspace       used 66342K, committed 67712K, reserved 1114112K
  class space    used 6938K, committed 7552K, reserved 1048576K
}
Event: 21.824 GC heap after
{Heap after GC invocations=371 (full 3):
 PSYoungGen      total 4608K, used 1760K [0x00000000d5580000, 0x00000000d5c80000, 0x0000000100000000)
  eden space 2560K, 0% used [0x00000000d5580000,0x00000000d5580000,0x00000000d5800000)
  from space 2048K, 85% used [0x00000000d5a80000,0x00000000d5c38000,0x00000000d5c80000)
  to   space 2048K, 0% used [0x00000000d5880000,0x00000000d5880000,0x00000000d5a80000)
 ParOldGen       total 505856K, used 505651K [0x0000000080000000, 0x000000009ee00000, 0x00000000d5580000)
  object space 505856K, 99% used [0x0000000080000000,0x000000009edcce30,0x000000009ee00000)
 Metaspace       used 66342K, committed 67712K, reserved 1114112K
  class space    used 6938K, committed 7552K, reserved 1048576K
}
Event: 21.828 GC heap before
{Heap before GC invocations=372 (full 3):
 PSYoungGen      total 4608K, used 4320K [0x00000000d5580000, 0x00000000d5c80000, 0x0000000100000000)
  eden space 2560K, 100% used [0x00000000d5580000,0x00000000d5800000,0x00000000d5800000)
  from space 2048K, 85% used [0x00000000d5a80000,0x00000000d5c38000,0x00000000d5c80000)
  to   space 2048K, 0% used [0x00000000d5880000,0x00000000d5880000,0x00000000d5a80000)
 ParOldGen       total 505856K, used 505651K [0x0000000080000000, 0x000000009ee00000, 0x00000000d5580000)
  object space 505856K, 99% used [0x0000000080000000,0x000000009edcce30,0x000000009ee00000)
 Metaspace       used 66342K, committed 67712K, reserved 1114112K
  class space    used 6938K, committed 7552K, reserved 1048576K
}
Event: 21.830 GC heap after
{Heap after GC invocations=372 (full 3):
 PSYoungGen      total 5120K, used 2048K [0x00000000d5580000, 0x00000000d5d80000, 0x0000000100000000)
  eden space 3072K, 0% used [0x00000000d5580000,0x00000000d5580000,0x00000000d5880000)
  from space 2048K, 100% used [0x00000000d5880000,0x00000000d5a80000,0x00000000d5a80000)
  to   space 2560K, 0% used [0x00000000d5b00000,0x00000000d5b00000,0x00000000d5d80000)
 ParOldGen       total 507392K, used 507251K [0x0000000080000000, 0x000000009ef80000, 0x00000000d5580000)
  object space 507392K, 99% used [0x0000000080000000,0x000000009ef5ce30,0x000000009ef80000)
 Metaspace       used 66342K, committed 67712K, reserved 1114112K
  class space    used 6938K, committed 7552K, reserved 1048576K
}
Event: 21.834 GC heap before
{Heap before GC invocations=373 (full 3):
 PSYoungGen      total 5120K, used 5120K [0x00000000d5580000, 0x00000000d5d80000, 0x0000000100000000)
  eden space 3072K, 100% used [0x00000000d5580000,0x00000000d5880000,0x00000000d5880000)
  from space 2048K, 100% used [0x00000000d5880000,0x00000000d5a80000,0x00000000d5a80000)
  to   space 2560K, 0% used [0x00000000d5b00000,0x00000000d5b00000,0x00000000d5d80000)
 ParOldGen       total 507392K, used 507251K [0x0000000080000000, 0x000000009ef80000, 0x00000000d5580000)
  object space 507392K, 99% used [0x0000000080000000,0x000000009ef5ce30,0x000000009ef80000)
 Metaspace       used 66342K, committed 67712K, reserved 1114112K
  class space    used 6938K, committed 7552K, reserved 1048576K
}
Event: 21.836 GC heap after
{Heap after GC invocations=373 (full 3):
 PSYoungGen      total 5120K, used 2528K [0x00000000d5580000, 0x00000000d5f80000, 0x0000000100000000)
  eden space 2560K, 0% used [0x00000000d5580000,0x00000000d5580000,0x00000000d5800000)
  from space 2560K, 98% used [0x00000000d5b00000,0x00000000d5d78000,0x00000000d5d80000)
  to   space 3072K, 0% used [0x00000000d5800000,0x00000000d5800000,0x00000000d5b00000)
 ParOldGen       total 509440K, used 509219K [0x0000000080000000, 0x000000009f180000, 0x00000000d5580000)
  object space 509440K, 99% used [0x0000000080000000,0x000000009f148e30,0x000000009f180000)
 Metaspace       used 66342K, committed 67712K, reserved 1114112K
  class space    used 6938K, committed 7552K, reserved 1048576K
}
Event: 21.841 GC heap before
{Heap before GC invocations=374 (full 3):
 PSYoungGen      total 5120K, used 5088K [0x00000000d5580000, 0x00000000d5f80000, 0x0000000100000000)
  eden space 2560K, 100% used [0x00000000d5580000,0x00000000d5800000,0x00000000d5800000)
  from space 2560K, 98% used [0x00000000d5b00000,0x00000000d5d78000,0x00000000d5d80000)
  to   space 3072K, 0% used [0x00000000d5800000,0x00000000d5800000,0x00000000d5b00000)
 ParOldGen       total 509440K, used 509219K [0x0000000080000000, 0x000000009f180000, 0x00000000d5580000)
  object space 509440K, 99% used [0x0000000080000000,0x000000009f148e30,0x000000009f180000)
 Metaspace       used 66342K, committed 67712K, reserved 1114112K
  class space    used 6938K, committed 7552K, reserved 1048576K
}
Event: 21.842 GC heap after
{Heap after GC invocations=374 (full 3):
 PSYoungGen      total 5632K, used 2144K [0x00000000d5580000, 0x00000000d5d80000, 0x0000000100000000)
  eden space 2560K, 0% used [0x00000000d5580000,0x00000000d5580000,0x00000000d5800000)
  from space 3072K, 69% used [0x00000000d5800000,0x00000000d5a18000,0x00000000d5b00000)
  to   space 2560K, 0% used [0x00000000d5b00000,0x00000000d5b00000,0x00000000d5d80000)
 ParOldGen       total 512000K, used 511627K [0x0000000080000000, 0x000000009f400000, 0x00000000d5580000)
  object space 512000K, 99% used [0x0000000080000000,0x000000009f3a2e30,0x000000009f400000)
 Metaspace       used 66342K, committed 67712K, reserved 1114112K
  class space    used 6938K, committed 7552K, reserved 1048576K
}
Event: 21.847 GC heap before
{Heap before GC invocations=375 (full 3):
 PSYoungGen      total 5632K, used 4704K [0x00000000d5580000, 0x00000000d5d80000, 0x0000000100000000)
  eden space 2560K, 100% used [0x00000000d5580000,0x00000000d5800000,0x00000000d5800000)
  from space 3072K, 69% used [0x00000000d5800000,0x00000000d5a18000,0x00000000d5b00000)
  to   space 2560K, 0% used [0x00000000d5b00000,0x00000000d5b00000,0x00000000d5d80000)
 ParOldGen       total 512000K, used 511627K [0x0000000080000000, 0x000000009f400000, 0x00000000d5580000)
  object space 512000K, 99% used [0x0000000080000000,0x000000009f3a2e30,0x000000009f400000)
 Metaspace       used 66342K, committed 67712K, reserved 1114112K
  class space    used 6938K, committed 7552K, reserved 1048576K
}
Event: 21.849 GC heap after
{Heap after GC invocations=375 (full 3):
 PSYoungGen      total 5632K, used 2112K [0x00000000d5580000, 0x00000000d5d80000, 0x0000000100000000)
  eden space 3072K, 0% used [0x00000000d5580000,0x00000000d5580000,0x00000000d5880000)
  from space 2560K, 82% used [0x00000000d5b00000,0x00000000d5d10000,0x00000000d5d80000)
  to   space 2560K, 0% used [0x00000000d5880000,0x00000000d5880000,0x00000000d5b00000)
 ParOldGen       total 514048K, used 513611K [0x0000000080000000, 0x000000009f600000, 0x00000000d5580000)
  object space 514048K, 99% used [0x0000000080000000,0x000000009f592e30,0x000000009f600000)
 Metaspace       used 66342K, committed 67712K, reserved 1114112K
  class space    used 6938K, committed 7552K, reserved 1048576K
}
Event: 21.853 GC heap before
{Heap before GC invocations=376 (full 3):
 PSYoungGen      total 5632K, used 5184K [0x00000000d5580000, 0x00000000d5d80000, 0x0000000100000000)
  eden space 3072K, 100% used [0x00000000d5580000,0x00000000d5880000,0x00000000d5880000)
  from space 2560K, 82% used [0x00000000d5b00000,0x00000000d5d10000,0x00000000d5d80000)
  to   space 2560K, 0% used [0x00000000d5880000,0x00000000d5880000,0x00000000d5b00000)
 ParOldGen       total 514048K, used 513611K [0x0000000080000000, 0x000000009f600000, 0x00000000d5580000)
  object space 514048K, 99% used [0x0000000080000000,0x000000009f592e30,0x000000009f600000)
 Metaspace       used 66342K, committed 67712K, reserved 1114112K
  class space    used 6938K, committed 7552K, reserved 1048576K
}
Event: 21.856 GC heap after
{Heap after GC invocations=376 (full 3):
 PSYoungGen      total 5632K, used 2528K [0x00000000d5580000, 0x00000000d5f80000, 0x0000000100000000)
  eden space 3072K, 0% used [0x00000000d5580000,0x00000000d5580000,0x00000000d5880000)
  from space 2560K, 98% used [0x00000000d5880000,0x00000000d5af8000,0x00000000d5b00000)
  to   space 3072K, 0% used [0x00000000d5c80000,0x00000000d5c80000,0x00000000d5f80000)
 ParOldGen       total 515584K, used 515579K [0x0000000080000000, 0x000000009f780000, 0x00000000d5580000)
  object space 515584K, 99% used [0x0000000080000000,0x000000009f77ee30,0x000000009f780000)
 Metaspace       used 66342K, committed 67712K, reserved 1114112K
  class space    used 6938K, committed 7552K, reserved 1048576K
}
Event: 31.205 GC heap before
{Heap before GC invocations=377 (full 3):
 PSYoungGen      total 5632K, used 5600K [0x00000000d5580000, 0x00000000d5f80000, 0x0000000100000000)
  eden space 3072K, 100% used [0x00000000d5580000,0x00000000d5880000,0x00000000d5880000)
  from space 2560K, 98% used [0x00000000d5880000,0x00000000d5af8000,0x00000000d5b00000)
  to   space 3072K, 0% used [0x00000000d5c80000,0x00000000d5c80000,0x00000000d5f80000)
 ParOldGen       total 515584K, used 515579K [0x0000000080000000, 0x000000009f780000, 0x00000000d5580000)
  object space 515584K, 99% used [0x0000000080000000,0x000000009f77ee30,0x000000009f780000)
 Metaspace       used 66389K, committed 67712K, reserved 1114112K
  class space    used 6941K, committed 7552K, reserved 1048576K
}
Event: 31.207 GC heap after
{Heap after GC invocations=377 (full 3):
 PSYoungGen      total 6144K, used 1984K [0x00000000d5580000, 0x00000000d5e80000, 0x0000000100000000)
  eden space 4096K, 0% used [0x00000000d5580000,0x00000000d5580000,0x00000000d5980000)
  from space 2048K, 96% used [0x00000000d5c80000,0x00000000d5e70000,0x00000000d5e80000)
  to   space 2560K, 0% used [0x00000000d5980000,0x00000000d5980000,0x00000000d5c00000)
 ParOldGen       total 518144K, used 517987K [0x0000000080000000, 0x000000009fa00000, 0x00000000d5580000)
  object space 518144K, 99% used [0x0000000080000000,0x000000009f9d8e30,0x000000009fa00000)
 Metaspace       used 66389K, committed 67712K, reserved 1114112K
  class space    used 6941K, committed 7552K, reserved 1048576K
}
Event: 316.545 GC heap before
{Heap before GC invocations=378 (full 3):
 PSYoungGen      total 6144K, used 6079K [0x00000000d5580000, 0x00000000d5e80000, 0x0000000100000000)
  eden space 4096K, 99% used [0x00000000d5580000,0x00000000d597fff0,0x00000000d5980000)
  from space 2048K, 96% used [0x00000000d5c80000,0x00000000d5e70000,0x00000000d5e80000)
  to   space 2560K, 0% used [0x00000000d5980000,0x00000000d5980000,0x00000000d5c00000)
 ParOldGen       total 518144K, used 517987K [0x0000000080000000, 0x000000009fa00000, 0x00000000d5580000)
  object space 518144K, 99% used [0x0000000080000000,0x000000009f9d8e30,0x000000009fa00000)
 Metaspace       used 66718K, committed 68032K, reserved 1114112K
  class space    used 6972K, committed 7552K, reserved 1048576K
}
Event: 316.597 GC heap after
{Heap after GC invocations=378 (full 3):
 PSYoungGen      total 4608K, used 480K [0x00000000d5580000, 0x00000000d5d00000, 0x0000000100000000)
  eden space 4096K, 0% used [0x00000000d5580000,0x00000000d5580000,0x00000000d5980000)
  from space 512K, 93% used [0x00000000d5980000,0x00000000d59f8000,0x00000000d5a00000)
  to   space 1536K, 0% used [0x00000000d5b80000,0x00000000d5b80000,0x00000000d5d00000)
 ParOldGen       total 520192K, used 519739K [0x0000000080000000, 0x000000009fc00000, 0x00000000d5580000)
  object space 520192K, 99% used [0x0000000080000000,0x000000009fb8ee30,0x000000009fc00000)
 Metaspace       used 66718K, committed 68032K, reserved 1114112K
  class space    used 6972K, committed 7552K, reserved 1048576K
}

